app/build/intermediates/manifest_merge_blame_file/debug/processDebugMainManifest/manifest-merger-blame-debug-report.txt
1<?xml version="1.0" encoding="utf-8"?>
2<manifest xmlns:android="http://schemas.android.com/apk/res/android"
3    package="com.nefla.hidethatpeoples"
4    android:versionCode="1"
5    android:versionName="1.0.0" >
6
7    <uses-sdk
7-->INJECTED
8        android:minSdkVersion="26"
8-->INJECTED
9        android:targetSdkVersion="35" />
9-->INJECTED
10
11    <uses-permission android:name="android.permission.POST_NOTIFICATIONS" />
11-->src/main/AndroidManifest.xml:4:5-77
11-->src/main/AndroidManifest.xml:4:22-74
12
13    <queries>
13-->src/main/AndroidManifest.xml:6:5-16:15
14        <package android:name="moe.shizuku.privileged.api" />
14-->src/main/AndroidManifest.xml:7:9-62
14-->src/main/AndroidManifest.xml:7:18-59
15        <package android:name="com.whatsapp" />
15-->src/main/AndroidManifest.xml:8:9-48
15-->src/main/AndroidManifest.xml:8:18-45
16        <package android:name="com.whatsapp.w4b" />
16-->src/main/AndroidManifest.xml:9:9-52
16-->src/main/AndroidManifest.xml:9:18-49
17        <package android:name="org.telegram.messenger" />
17-->src/main/AndroidManifest.xml:10:9-58
17-->src/main/AndroidManifest.xml:10:18-55
18        <package android:name="com.google.android.apps.messaging" />
18-->src/main/AndroidManifest.xml:11:9-69
18-->src/main/AndroidManifest.xml:11:18-66
19        <package android:name="org.thoughtcrime.securesms" />
19-->src/main/AndroidManifest.xml:12:9-62
19-->src/main/AndroidManifest.xml:12:18-59
20        <package android:name="com.facebook.orca" />
20-->src/main/AndroidManifest.xml:13:9-53
20-->src/main/AndroidManifest.xml:13:18-50
21        <package android:name="com.instagram.android" />
21-->src/main/AndroidManifest.xml:14:9-57
21-->src/main/AndroidManifest.xml:14:18-54
22        <package android:name="com.google.android.gm" />
22-->src/main/AndroidManifest.xml:15:9-57
22-->src/main/AndroidManifest.xml:15:18-54
23    </queries>
24
25    <uses-permission android:name="android.permission.WAKE_LOCK" />
25-->[androidx.work:work-runtime:2.10.0] AndroidManifest.xml:23:5-68
25-->[androidx.work:work-runtime:2.10.0] AndroidManifest.xml:23:22-65
26    <uses-permission android:name="android.permission.ACCESS_NETWORK_STATE" />
26-->[androidx.work:work-runtime:2.10.0] AndroidManifest.xml:24:5-79
26-->[androidx.work:work-runtime:2.10.0] AndroidManifest.xml:24:22-76
27    <uses-permission android:name="android.permission.RECEIVE_BOOT_COMPLETED" />
27-->[androidx.work:work-runtime:2.10.0] AndroidManifest.xml:25:5-81
27-->[androidx.work:work-runtime:2.10.0] AndroidManifest.xml:25:22-78
28    <uses-permission android:name="android.permission.FOREGROUND_SERVICE" />
28-->[androidx.work:work-runtime:2.10.0] AndroidManifest.xml:26:5-77
28-->[androidx.work:work-runtime:2.10.0] AndroidManifest.xml:26:22-74
29
30    <permission
30-->[androidx.core:core:1.15.0] AndroidManifest.xml:22:5-24:47
31        android:name="com.nefla.hidethatpeoples.DYNAMIC_RECEIVER_NOT_EXPORTED_PERMISSION"
31-->[androidx.core:core:1.15.0] AndroidManifest.xml:23:9-81
32        android:protectionLevel="signature" />
32-->[androidx.core:core:1.15.0] AndroidManifest.xml:24:9-44
33
34    <uses-permission android:name="com.nefla.hidethatpeoples.DYNAMIC_RECEIVER_NOT_EXPORTED_PERMISSION" />
34-->[androidx.core:core:1.15.0] AndroidManifest.xml:26:5-97
34-->[androidx.core:core:1.15.0] AndroidManifest.xml:26:22-94
35    <uses-permission android:name="moe.shizuku.manager.permission.API_V23" />
35-->[dev.rikka.shizuku:provider:13.1.5] AndroidManifest.xml:8:5-78
35-->[dev.rikka.shizuku:provider:13.1.5] AndroidManifest.xml:8:22-75
36
37    <application
37-->src/main/AndroidManifest.xml:18:5-56:19
38        android:name="com.nefla.hidethatpeoples.HideThatPeoplesApp"
38-->src/main/AndroidManifest.xml:19:9-43
39        android:allowBackup="true"
39-->src/main/AndroidManifest.xml:20:9-35
40        android:appComponentFactory="androidx.core.app.CoreComponentFactory"
40-->[androidx.core:core:1.15.0] AndroidManifest.xml:28:18-86
41        android:debuggable="true"
42        android:extractNativeLibs="false"
42-->INJECTED
43        android:icon="@mipmap/ic_launcher"
43-->src/main/AndroidManifest.xml:21:9-43
44        android:label="@string/app_name"
44-->src/main/AndroidManifest.xml:22:9-41
45        android:roundIcon="@mipmap/ic_launcher"
45-->src/main/AndroidManifest.xml:23:9-48
46        android:supportsRtl="true"
46-->src/main/AndroidManifest.xml:24:9-35
47        android:theme="@android:style/Theme.Material.NoActionBar" >
47-->src/main/AndroidManifest.xml:25:9-66
48        <activity
48-->src/main/AndroidManifest.xml:27:9-35:20
49            android:name="com.nefla.hidethatpeoples.MainActivity"
49-->src/main/AndroidManifest.xml:28:13-41
50            android:exported="true"
50-->src/main/AndroidManifest.xml:29:13-36
51            android:theme="@android:style/Theme.Material.NoActionBar" >
51-->src/main/AndroidManifest.xml:30:13-70
52            <intent-filter>
52-->src/main/AndroidManifest.xml:31:13-34:29
53                <action android:name="android.intent.action.MAIN" />
53-->src/main/AndroidManifest.xml:32:17-69
53-->src/main/AndroidManifest.xml:32:25-66
54
55                <category android:name="android.intent.category.LAUNCHER" />
55-->src/main/AndroidManifest.xml:33:17-77
55-->src/main/AndroidManifest.xml:33:27-74
56            </intent-filter>
57        </activity>
58
59        <provider
59-->INJECTED
60            android:name="rikka.shizuku.ShizukuProvider"
60-->src/main/AndroidManifest.xml:38:13-57
61            android:authorities="com.nefla.hidethatpeoples.shizuku"
61-->INJECTED
62            android:enabled="true"
62-->src/main/AndroidManifest.xml:41:13-35
63            android:exported="true"
63-->src/main/AndroidManifest.xml:42:13-36
64            android:multiprocess="false"
64-->src/main/AndroidManifest.xml:40:13-41
65            android:permission="android.permission.INTERACT_ACROSS_USERS_FULL" />
65-->src/main/AndroidManifest.xml:43:13-79
66
67        <service
67-->src/main/AndroidManifest.xml:45:9-54:19
68            android:name="com.nefla.hidethatpeoples.tile.ClearShortcutsTileService"
68-->src/main/AndroidManifest.xml:46:13-59
69            android:exported="true"
69-->src/main/AndroidManifest.xml:50:13-36
70            android:icon="@drawable/ic_hide_contacts"
70-->src/main/AndroidManifest.xml:47:13-54
71            android:label="@string/tile_name"
71-->src/main/AndroidManifest.xml:48:13-46
72            android:permission="android.permission.BIND_QUICK_SETTINGS_TILE" >
72-->src/main/AndroidManifest.xml:49:13-77
73            <intent-filter>
73-->src/main/AndroidManifest.xml:51:13-53:29
74                <action android:name="android.service.quicksettings.action.QS_TILE" />
74-->src/main/AndroidManifest.xml:52:17-87
74-->src/main/AndroidManifest.xml:52:25-84
75            </intent-filter>
76        </service>
77
78        <provider
78-->[androidx.work:work-runtime:2.10.0] AndroidManifest.xml:29:9-37:20
79            android:name="androidx.startup.InitializationProvider"
79-->[androidx.work:work-runtime:2.10.0] AndroidManifest.xml:30:13-67
80            android:authorities="com.nefla.hidethatpeoples.androidx-startup"
80-->[androidx.work:work-runtime:2.10.0] AndroidManifest.xml:31:13-68
81            android:exported="false" >
81-->[androidx.work:work-runtime:2.10.0] AndroidManifest.xml:32:13-37
82            <meta-data
82-->[androidx.work:work-runtime:2.10.0] AndroidManifest.xml:34:13-36:52
83                android:name="androidx.work.WorkManagerInitializer"
83-->[androidx.work:work-runtime:2.10.0] AndroidManifest.xml:35:17-68
84                android:value="androidx.startup" />
84-->[androidx.work:work-runtime:2.10.0] AndroidManifest.xml:36:17-49
85            <meta-data
85-->[androidx.emoji2:emoji2:1.3.0] AndroidManifest.xml:29:13-31:52
86                android:name="androidx.emoji2.text.EmojiCompatInitializer"
86-->[androidx.emoji2:emoji2:1.3.0] AndroidManifest.xml:30:17-75
87                android:value="androidx.startup" />
87-->[androidx.emoji2:emoji2:1.3.0] AndroidManifest.xml:31:17-49
88            <meta-data
88-->[androidx.lifecycle:lifecycle-process:2.8.7] AndroidManifest.xml:29:13-31:52
89                android:name="androidx.lifecycle.ProcessLifecycleInitializer"
89-->[androidx.lifecycle:lifecycle-process:2.8.7] AndroidManifest.xml:30:17-78
90                android:value="androidx.startup" />
90-->[androidx.lifecycle:lifecycle-process:2.8.7] AndroidManifest.xml:31:17-49
91            <meta-data
91-->[androidx.profileinstaller:profileinstaller:1.4.0] AndroidManifest.xml:29:13-31:52
92                android:name="androidx.profileinstaller.ProfileInstallerInitializer"
92-->[androidx.profileinstaller:profileinstaller:1.4.0] AndroidManifest.xml:30:17-85
93                android:value="androidx.startup" />
93-->[androidx.profileinstaller:profileinstaller:1.4.0] AndroidManifest.xml:31:17-49
94        </provider>
95
96        <service
96-->[androidx.work:work-runtime:2.10.0] AndroidManifest.xml:39:9-45:35
97            android:name="androidx.work.impl.background.systemalarm.SystemAlarmService"
97-->[androidx.work:work-runtime:2.10.0] AndroidManifest.xml:40:13-88
98            android:directBootAware="false"
98-->[androidx.work:work-runtime:2.10.0] AndroidManifest.xml:41:13-44
99            android:enabled="@bool/enable_system_alarm_service_default"
99-->[androidx.work:work-runtime:2.10.0] AndroidManifest.xml:42:13-72
100            android:exported="false" />
100-->[androidx.work:work-runtime:2.10.0] AndroidManifest.xml:43:13-37
101        <service
101-->[androidx.work:work-runtime:2.10.0] AndroidManifest.xml:46:9-52:35
102            android:name="androidx.work.impl.background.systemjob.SystemJobService"
102-->[androidx.work:work-runtime:2.10.0] AndroidManifest.xml:47:13-84
103            android:directBootAware="false"
103-->[androidx.work:work-runtime:2.10.0] AndroidManifest.xml:48:13-44
104            android:enabled="@bool/enable_system_job_service_default"
104-->[androidx.work:work-runtime:2.10.0] AndroidManifest.xml:49:13-70
105            android:exported="true"
105-->[androidx.work:work-runtime:2.10.0] AndroidManifest.xml:50:13-36
106            android:permission="android.permission.BIND_JOB_SERVICE" />
106-->[androidx.work:work-runtime:2.10.0] AndroidManifest.xml:51:13-69
107        <service
107-->[androidx.work:work-runtime:2.10.0] AndroidManifest.xml:53:9-59:35
108            android:name="androidx.work.impl.foreground.SystemForegroundService"
108-->[androidx.work:work-runtime:2.10.0] AndroidManifest.xml:54:13-81
109            android:directBootAware="false"
109-->[androidx.work:work-runtime:2.10.0] AndroidManifest.xml:55:13-44
110            android:enabled="@bool/enable_system_foreground_service_default"
110-->[androidx.work:work-runtime:2.10.0] AndroidManifest.xml:56:13-77
111            android:exported="false" />
111-->[androidx.work:work-runtime:2.10.0] AndroidManifest.xml:57:13-37
112
113        <receiver
113-->[androidx.work:work-runtime:2.10.0] AndroidManifest.xml:61:9-66:35
114            android:name="androidx.work.impl.utils.ForceStopRunnable$BroadcastReceiver"
114-->[androidx.work:work-runtime:2.10.0] AndroidManifest.xml:62:13-88
115            android:directBootAware="false"
115-->[androidx.work:work-runtime:2.10.0] AndroidManifest.xml:63:13-44
116            android:enabled="true"
116-->[androidx.work:work-runtime:2.10.0] AndroidManifest.xml:64:13-35
117            android:exported="false" />
117-->[androidx.work:work-runtime:2.10.0] AndroidManifest.xml:65:13-37
118        <receiver
118-->[androidx.work:work-runtime:2.10.0] AndroidManifest.xml:67:9-77:20
119            android:name="androidx.work.impl.background.systemalarm.ConstraintProxy$BatteryChargingProxy"
119-->[androidx.work:work-runtime:2.10.0] AndroidManifest.xml:68:13-106
120            android:directBootAware="false"
120-->[androidx.work:work-runtime:2.10.0] AndroidManifest.xml:69:13-44
121            android:enabled="false"
121-->[androidx.work:work-runtime:2.10.0] AndroidManifest.xml:70:13-36
122            android:exported="false" >
122-->[androidx.work:work-runtime:2.10.0] AndroidManifest.xml:71:13-37
123            <intent-filter>
123-->[androidx.work:work-runtime:2.10.0] AndroidManifest.xml:73:13-76:29
124                <action android:name="android.intent.action.ACTION_POWER_CONNECTED" />
124-->[androidx.work:work-runtime:2.10.0] AndroidManifest.xml:74:17-87
124-->[androidx.work:work-runtime:2.10.0] AndroidManifest.xml:74:25-84
125                <action android:name="android.intent.action.ACTION_POWER_DISCONNECTED" />
125-->[androidx.work:work-runtime:2.10.0] AndroidManifest.xml:75:17-90
125-->[androidx.work:work-runtime:2.10.0] AndroidManifest.xml:75:25-87
126            </intent-filter>
127        </receiver>
128        <receiver
128-->[androidx.work:work-runtime:2.10.0] AndroidManifest.xml:78:9-88:20
129            android:name="androidx.work.impl.background.systemalarm.ConstraintProxy$BatteryNotLowProxy"
129-->[androidx.work:work-runtime:2.10.0] AndroidManifest.xml:79:13-104
130            android:directBootAware="false"
130-->[androidx.work:work-runtime:2.10.0] AndroidManifest.xml:80:13-44
131            android:enabled="false"
131-->[androidx.work:work-runtime:2.10.0] AndroidManifest.xml:81:13-36
132            android:exported="false" >
132-->[androidx.work:work-runtime:2.10.0] AndroidManifest.xml:82:13-37
133            <intent-filter>
133-->[androidx.work:work-runtime:2.10.0] AndroidManifest.xml:84:13-87:29
134                <action android:name="android.intent.action.BATTERY_OKAY" />
134-->[androidx.work:work-runtime:2.10.0] AndroidManifest.xml:85:17-77
134-->[androidx.work:work-runtime:2.10.0] AndroidManifest.xml:85:25-74
135                <action android:name="android.intent.action.BATTERY_LOW" />
135-->[androidx.work:work-runtime:2.10.0] AndroidManifest.xml:86:17-76
135-->[androidx.work:work-runtime:2.10.0] AndroidManifest.xml:86:25-73
136            </intent-filter>
137        </receiver>
138        <receiver
138-->[androidx.work:work-runtime:2.10.0] AndroidManifest.xml:89:9-99:20
139            android:name="androidx.work.impl.background.systemalarm.ConstraintProxy$StorageNotLowProxy"
139-->[androidx.work:work-runtime:2.10.0] AndroidManifest.xml:90:13-104
140            android:directBootAware="false"
140-->[androidx.work:work-runtime:2.10.0] AndroidManifest.xml:91:13-44
141            android:enabled="false"
141-->[androidx.work:work-runtime:2.10.0] AndroidManifest.xml:92:13-36
142            android:exported="false" >
142-->[androidx.work:work-runtime:2.10.0] AndroidManifest.xml:93:13-37
143            <intent-filter>
143-->[androidx.work:work-runtime:2.10.0] AndroidManifest.xml:95:13-98:29
144                <action android:name="android.intent.action.DEVICE_STORAGE_LOW" />
144-->[androidx.work:work-runtime:2.10.0] AndroidManifest.xml:96:17-83
144-->[androidx.work:work-runtime:2.10.0] AndroidManifest.xml:96:25-80
145                <action android:name="android.intent.action.DEVICE_STORAGE_OK" />
145-->[androidx.work:work-runtime:2.10.0] AndroidManifest.xml:97:17-82
145-->[androidx.work:work-runtime:2.10.0] AndroidManifest.xml:97:25-79
146            </intent-filter>
147        </receiver>
148        <receiver
148-->[androidx.work:work-runtime:2.10.0] AndroidManifest.xml:100:9-109:20
149            android:name="androidx.work.impl.background.systemalarm.ConstraintProxy$NetworkStateProxy"
149-->[androidx.work:work-runtime:2.10.0] AndroidManifest.xml:101:13-103
150            android:directBootAware="false"
150-->[androidx.work:work-runtime:2.10.0] AndroidManifest.xml:102:13-44
151            android:enabled="false"
151-->[androidx.work:work-runtime:2.10.0] AndroidManifest.xml:103:13-36
152            android:exported="false" >
152-->[androidx.work:work-runtime:2.10.0] AndroidManifest.xml:104:13-37
153            <intent-filter>
153-->[androidx.work:work-runtime:2.10.0] AndroidManifest.xml:106:13-108:29
154                <action android:name="android.net.conn.CONNECTIVITY_CHANGE" />
154-->[androidx.work:work-runtime:2.10.0] AndroidManifest.xml:107:17-79
154-->[androidx.work:work-runtime:2.10.0] AndroidManifest.xml:107:25-76
155            </intent-filter>
156        </receiver>
157        <receiver
157-->[androidx.work:work-runtime:2.10.0] AndroidManifest.xml:110:9-121:20
158            android:name="androidx.work.impl.background.systemalarm.RescheduleReceiver"
158-->[androidx.work:work-runtime:2.10.0] AndroidManifest.xml:111:13-88
159            android:directBootAware="false"
159-->[androidx.work:work-runtime:2.10.0] AndroidManifest.xml:112:13-44
160            android:enabled="false"
160-->[androidx.work:work-runtime:2.10.0] AndroidManifest.xml:113:13-36
161            android:exported="false" >
161-->[androidx.work:work-runtime:2.10.0] AndroidManifest.xml:114:13-37
162            <intent-filter>
162-->[androidx.work:work-runtime:2.10.0] AndroidManifest.xml:116:13-120:29
163                <action android:name="android.intent.action.BOOT_COMPLETED" />
163-->[androidx.work:work-runtime:2.10.0] AndroidManifest.xml:117:17-79
163-->[androidx.work:work-runtime:2.10.0] AndroidManifest.xml:117:25-76
164                <action android:name="android.intent.action.TIME_SET" />
164-->[androidx.work:work-runtime:2.10.0] AndroidManifest.xml:118:17-73
164-->[androidx.work:work-runtime:2.10.0] AndroidManifest.xml:118:25-70
165                <action android:name="android.intent.action.TIMEZONE_CHANGED" />
165-->[androidx.work:work-runtime:2.10.0] AndroidManifest.xml:119:17-81
165-->[androidx.work:work-runtime:2.10.0] AndroidManifest.xml:119:25-78
166            </intent-filter>
167        </receiver>
168        <receiver
168-->[androidx.work:work-runtime:2.10.0] AndroidManifest.xml:122:9-131:20
169            android:name="androidx.work.impl.background.systemalarm.ConstraintProxyUpdateReceiver"
169-->[androidx.work:work-runtime:2.10.0] AndroidManifest.xml:123:13-99
170            android:directBootAware="false"
170-->[androidx.work:work-runtime:2.10.0] AndroidManifest.xml:124:13-44
171            android:enabled="@bool/enable_system_alarm_service_default"
171-->[androidx.work:work-runtime:2.10.0] AndroidManifest.xml:125:13-72
172            android:exported="false" >
172-->[androidx.work:work-runtime:2.10.0] AndroidManifest.xml:126:13-37
173            <intent-filter>
173-->[androidx.work:work-runtime:2.10.0] AndroidManifest.xml:128:13-130:29
174                <action android:name="androidx.work.impl.background.systemalarm.UpdateProxies" />
174-->[androidx.work:work-runtime:2.10.0] AndroidManifest.xml:129:17-98
174-->[androidx.work:work-runtime:2.10.0] AndroidManifest.xml:129:25-95
175            </intent-filter>
176        </receiver>
177        <receiver
177-->[androidx.work:work-runtime:2.10.0] AndroidManifest.xml:132:9-142:20
178            android:name="androidx.work.impl.diagnostics.DiagnosticsReceiver"
178-->[androidx.work:work-runtime:2.10.0] AndroidManifest.xml:133:13-78
179            android:directBootAware="false"
179-->[androidx.work:work-runtime:2.10.0] AndroidManifest.xml:134:13-44
180            android:enabled="true"
180-->[androidx.work:work-runtime:2.10.0] AndroidManifest.xml:135:13-35
181            android:exported="true"
181-->[androidx.work:work-runtime:2.10.0] AndroidManifest.xml:136:13-36
182            android:permission="android.permission.DUMP" >
182-->[androidx.work:work-runtime:2.10.0] AndroidManifest.xml:137:13-57
183            <intent-filter>
183-->[androidx.work:work-runtime:2.10.0] AndroidManifest.xml:139:13-141:29
184                <action android:name="androidx.work.diagnostics.REQUEST_DIAGNOSTICS" />
184-->[androidx.work:work-runtime:2.10.0] AndroidManifest.xml:140:17-88
184-->[androidx.work:work-runtime:2.10.0] AndroidManifest.xml:140:25-85
185            </intent-filter>
186        </receiver>
187
188        <activity
188-->[androidx.compose.ui:ui-tooling-android:1.7.0] AndroidManifest.xml:23:9-25:39
189            android:name="androidx.compose.ui.tooling.PreviewActivity"
189-->[androidx.compose.ui:ui-tooling-android:1.7.0] AndroidManifest.xml:24:13-71
190            android:exported="true" />
190-->[androidx.compose.ui:ui-tooling-android:1.7.0] AndroidManifest.xml:25:13-36
191
192        <service
192-->[androidx.room:room-runtime:2.6.1] AndroidManifest.xml:24:9-28:63
193            android:name="androidx.room.MultiInstanceInvalidationService"
193-->[androidx.room:room-runtime:2.6.1] AndroidManifest.xml:25:13-74
194            android:directBootAware="true"
194-->[androidx.room:room-runtime:2.6.1] AndroidManifest.xml:26:13-43
195            android:exported="false" />
195-->[androidx.room:room-runtime:2.6.1] AndroidManifest.xml:27:13-37
196
197        <meta-data
197-->[dev.rikka.shizuku:provider:13.1.5] AndroidManifest.xml:11:9-13:36
198            android:name="moe.shizuku.client.V3_SUPPORT"
198-->[dev.rikka.shizuku:provider:13.1.5] AndroidManifest.xml:12:13-57
199            android:value="true" />
199-->[dev.rikka.shizuku:provider:13.1.5] AndroidManifest.xml:13:13-33
200
201        <receiver
201-->[androidx.profileinstaller:profileinstaller:1.4.0] AndroidManifest.xml:34:9-52:20
202            android:name="androidx.profileinstaller.ProfileInstallReceiver"
202-->[androidx.profileinstaller:profileinstaller:1.4.0] AndroidManifest.xml:35:13-76
203            android:directBootAware="false"
203-->[androidx.profileinstaller:profileinstaller:1.4.0] AndroidManifest.xml:36:13-44
204            android:enabled="true"
204-->[androidx.profileinstaller:profileinstaller:1.4.0] AndroidManifest.xml:37:13-35
205            android:exported="true"
205-->[androidx.profileinstaller:profileinstaller:1.4.0] AndroidManifest.xml:38:13-36
206            android:permission="android.permission.DUMP" >
206-->[androidx.profileinstaller:profileinstaller:1.4.0] AndroidManifest.xml:39:13-57
207            <intent-filter>
207-->[androidx.profileinstaller:profileinstaller:1.4.0] AndroidManifest.xml:40:13-42:29
208                <action android:name="androidx.profileinstaller.action.INSTALL_PROFILE" />
208-->[androidx.profileinstaller:profileinstaller:1.4.0] AndroidManifest.xml:41:17-91
208-->[androidx.profileinstaller:profileinstaller:1.4.0] AndroidManifest.xml:41:25-88
209            </intent-filter>
210            <intent-filter>
210-->[androidx.profileinstaller:profileinstaller:1.4.0] AndroidManifest.xml:43:13-45:29
211                <action android:name="androidx.profileinstaller.action.SKIP_FILE" />
211-->[androidx.profileinstaller:profileinstaller:1.4.0] AndroidManifest.xml:44:17-85
211-->[androidx.profileinstaller:profileinstaller:1.4.0] AndroidManifest.xml:44:25-82
212            </intent-filter>
213            <intent-filter>
213-->[androidx.profileinstaller:profileinstaller:1.4.0] AndroidManifest.xml:46:13-48:29
214                <action android:name="androidx.profileinstaller.action.SAVE_PROFILE" />
214-->[androidx.profileinstaller:profileinstaller:1.4.0] AndroidManifest.xml:47:17-88
214-->[androidx.profileinstaller:profileinstaller:1.4.0] AndroidManifest.xml:47:25-85
215            </intent-filter>
216            <intent-filter>
216-->[androidx.profileinstaller:profileinstaller:1.4.0] AndroidManifest.xml:49:13-51:29
217                <action android:name="androidx.profileinstaller.action.BENCHMARK_OPERATION" />
217-->[androidx.profileinstaller:profileinstaller:1.4.0] AndroidManifest.xml:50:17-95
217-->[androidx.profileinstaller:profileinstaller:1.4.0] AndroidManifest.xml:50:25-92
218            </intent-filter>
219        </receiver>
220    </application>
221
222</manifest>